{"level":20,"time":1687887540786,"pid":14372,"hostname":"DESKTOP-7TCP1F6","msg":"Skipping slash command leaderboard. Disabled!"}
{"level":20,"time":1687887540805,"pid":14372,"hostname":"DESKTOP-7TCP1F6","msg":"Skipping slash command avatar. Disabled!"}
{"level":20,"time":1687887541348,"pid":14372,"hostname":"DESKTOP-7TCP1F6","msg":"Skipping slash command channelinfo. Disabled!"}
{"level":20,"time":1687887541365,"pid":14372,"hostname":"DESKTOP-7TCP1F6","msg":"Skipping slash command emoji. Disabled!"}
{"level":20,"time":1687887541456,"pid":14372,"hostname":"DESKTOP-7TCP1F6","msg":"Skipping slash command guildinfo. Disabled!"}
{"level":20,"time":1687887541476,"pid":14372,"hostname":"DESKTOP-7TCP1F6","msg":"Skipping slash command userinfo. Disabled!"}
{"level":20,"time":1687887541499,"pid":14372,"hostname":"DESKTOP-7TCP1F6","msg":"Skipping command bot. Disabled!"}
{"level":20,"time":1687887541509,"pid":14372,"hostname":"DESKTOP-7TCP1F6","msg":"Skipping command info. Disabled!"}
{"level":20,"time":1687887541636,"pid":14372,"hostname":"DESKTOP-7TCP1F6","msg":"Skipping slash command deafen. Disabled!"}
{"level":20,"time":1687887541655,"pid":14372,"hostname":"DESKTOP-7TCP1F6","msg":"Skipping slash command disconnect. Disabled!"}
{"level":20,"time":1687887541676,"pid":14372,"hostname":"DESKTOP-7TCP1F6","msg":"Skipping slash command move. Disabled!"}
{"level":20,"time":1687887541686,"pid":14372,"hostname":"DESKTOP-7TCP1F6","msg":"Skipping slash command purge. Disabled!"}
{"level":20,"time":1687887541696,"pid":14372,"hostname":"DESKTOP-7TCP1F6","msg":"Skipping slash command purgeattach. Disabled!"}
{"level":20,"time":1687887541706,"pid":14372,"hostname":"DESKTOP-7TCP1F6","msg":"Skipping slash command purgebots. Disabled!"}
{"level":20,"time":1687887541719,"pid":14372,"hostname":"DESKTOP-7TCP1F6","msg":"Skipping slash command purgelinks. Disabled!"}
{"level":20,"time":1687887541729,"pid":14372,"hostname":"DESKTOP-7TCP1F6","msg":"Skipping slash command purgetoken. Disabled!"}
{"level":20,"time":1687887541740,"pid":14372,"hostname":"DESKTOP-7TCP1F6","msg":"Skipping slash command purgeuser. Disabled!"}
{"level":20,"time":1687887541759,"pid":14372,"hostname":"DESKTOP-7TCP1F6","msg":"Skipping slash command undeafen. Disabled!"}
{"level":20,"time":1687887541779,"pid":14372,"hostname":"DESKTOP-7TCP1F6","msg":"Skipping slash command vmute. Disabled!"}
{"level":20,"time":1687887541798,"pid":14372,"hostname":"DESKTOP-7TCP1F6","msg":"Skipping slash command vunmute. Disabled!"}
{"level":20,"time":1687887541821,"pid":14372,"hostname":"DESKTOP-7TCP1F6","msg":"Skipping command purge. Disabled!"}
{"level":20,"time":1687887541833,"pid":14372,"hostname":"DESKTOP-7TCP1F6","msg":"Skipping command voice. Disabled!"}
{"level":20,"time":1687887541851,"pid":14372,"hostname":"DESKTOP-7TCP1F6","msg":"Skipping command welcome. Disabled!"}
{"level":20,"time":1687887541852,"pid":14372,"hostname":"DESKTOP-7TCP1F6","msg":"Skipping slash command welcome. Disabled!"}
{"level":20,"time":1687887541944,"pid":14372,"hostname":"DESKTOP-7TCP1F6","msg":"Skipping slash command rolebuttons. Disabled!"}
{"level":30,"time":1687887542121,"pid":14372,"hostname":"DESKTOP-7TCP1F6","msg":"Loaded 40 commands"}
{"level":30,"time":1687887542121,"pid":14372,"hostname":"DESKTOP-7TCP1F6","msg":"Loaded 25 slash commands"}
{"level":30,"time":1687887542132,"pid":14372,"hostname":"DESKTOP-7TCP1F6","msg":"Loaded 0 USER contexts"}
{"level":30,"time":1687887542132,"pid":14372,"hostname":"DESKTOP-7TCP1F6","msg":"Loaded 0 MESSAGE contexts"}
{"level":30,"time":1687887542420,"pid":14372,"hostname":"DESKTOP-7TCP1F6","msg":"Loaded 11 events. Success (11) Failed (0)"}
{"level":30,"time":1687887542420,"pid":14372,"hostname":"DESKTOP-7TCP1F6","msg":"Connecting to MongoDb..."}
{"level":30,"time":1687887543698,"pid":14372,"hostname":"DESKTOP-7TCP1F6","msg":"Mongoose: Connected"}
{"level":20,"time":1687941673446,"pid":15896,"hostname":"DESKTOP-7TCP1F6","msg":"Skipping slash command leaderboard. Disabled!"}
{"level":20,"time":1687941673477,"pid":15896,"hostname":"DESKTOP-7TCP1F6","msg":"Skipping slash command avatar. Disabled!"}
{"level":20,"time":1687941674173,"pid":15896,"hostname":"DESKTOP-7TCP1F6","msg":"Skipping slash command channelinfo. Disabled!"}
{"level":20,"time":1687941674174,"pid":15896,"hostname":"DESKTOP-7TCP1F6","msg":"Skipping slash command emoji. Disabled!"}
{"level":20,"time":1687941674229,"pid":15896,"hostname":"DESKTOP-7TCP1F6","msg":"Skipping slash command guildinfo. Disabled!"}
{"level":20,"time":1687941674230,"pid":15896,"hostname":"DESKTOP-7TCP1F6","msg":"Skipping slash command userinfo. Disabled!"}
{"level":20,"time":1687941674232,"pid":15896,"hostname":"DESKTOP-7TCP1F6","msg":"Skipping command bot. Disabled!"}
{"level":20,"time":1687941674233,"pid":15896,"hostname":"DESKTOP-7TCP1F6","msg":"Skipping command info. Disabled!"}
{"level":20,"time":1687941674243,"pid":15896,"hostname":"DESKTOP-7TCP1F6","msg":"Skipping slash command deafen. Disabled!"}
{"level":20,"time":1687941674244,"pid":15896,"hostname":"DESKTOP-7TCP1F6","msg":"Skipping slash command disconnect. Disabled!"}
{"level":20,"time":1687941674245,"pid":15896,"hostname":"DESKTOP-7TCP1F6","msg":"Skipping slash command move. Disabled!"}
{"level":20,"time":1687941674245,"pid":15896,"hostname":"DESKTOP-7TCP1F6","msg":"Skipping slash command purge. Disabled!"}
{"level":20,"time":1687941674245,"pid":15896,"hostname":"DESKTOP-7TCP1F6","msg":"Skipping slash command purgeattach. Disabled!"}
{"level":20,"time":1687941674246,"pid":15896,"hostname":"DESKTOP-7TCP1F6","msg":"Skipping slash command purgebots. Disabled!"}
{"level":20,"time":1687941674246,"pid":15896,"hostname":"DESKTOP-7TCP1F6","msg":"Skipping slash command purgelinks. Disabled!"}
{"level":20,"time":1687941674247,"pid":15896,"hostname":"DESKTOP-7TCP1F6","msg":"Skipping slash command purgetoken. Disabled!"}
{"level":20,"time":1687941674247,"pid":15896,"hostname":"DESKTOP-7TCP1F6","msg":"Skipping slash command purgeuser. Disabled!"}
{"level":20,"time":1687941674248,"pid":15896,"hostname":"DESKTOP-7TCP1F6","msg":"Skipping slash command undeafen. Disabled!"}
{"level":20,"time":1687941674249,"pid":15896,"hostname":"DESKTOP-7TCP1F6","msg":"Skipping slash command vmute. Disabled!"}
{"level":20,"time":1687941674250,"pid":15896,"hostname":"DESKTOP-7TCP1F6","msg":"Skipping slash command vunmute. Disabled!"}
{"level":20,"time":1687941674251,"pid":15896,"hostname":"DESKTOP-7TCP1F6","msg":"Skipping command purge. Disabled!"}
{"level":20,"time":1687941674252,"pid":15896,"hostname":"DESKTOP-7TCP1F6","msg":"Skipping command voice. Disabled!"}
{"level":20,"time":1687941674283,"pid":15896,"hostname":"DESKTOP-7TCP1F6","msg":"Skipping slash command rolebuttons. Disabled!"}
{"level":30,"time":1687941674292,"pid":15896,"hostname":"DESKTOP-7TCP1F6","msg":"Loaded 40 commands"}
{"level":30,"time":1687941674292,"pid":15896,"hostname":"DESKTOP-7TCP1F6","msg":"Loaded 25 slash commands"}
{"level":30,"time":1687941674294,"pid":15896,"hostname":"DESKTOP-7TCP1F6","msg":"Loaded 0 USER contexts"}
{"level":30,"time":1687941674294,"pid":15896,"hostname":"DESKTOP-7TCP1F6","msg":"Loaded 0 MESSAGE contexts"}
{"level":30,"time":1687941674614,"pid":15896,"hostname":"DESKTOP-7TCP1F6","msg":"Loaded 11 events. Success (11) Failed (0)"}
{"level":30,"time":1687941674615,"pid":15896,"hostname":"DESKTOP-7TCP1F6","msg":"Connecting to MongoDb..."}
{"level":30,"time":1687941675603,"pid":15896,"hostname":"DESKTOP-7TCP1F6","msg":"Mongoose: Connected"}
{"level":30,"time":1687941683426,"pid":15896,"hostname":"DESKTOP-7TCP1F6","msg":"Logged in as Uverseni#2940!"}
{"level":30,"time":1687941683863,"pid":15896,"hostname":"DESKTOP-7TCP1F6","msg":"Successfully registered interactions"}
{"level":20,"time":1687956054166,"pid":3516,"hostname":"DESKTOP-7TCP1F6","msg":"Skipping slash command leaderboard. Disabled!"}
{"level":20,"time":1687956054189,"pid":3516,"hostname":"DESKTOP-7TCP1F6","msg":"Skipping slash command avatar. Disabled!"}
{"level":20,"time":1687956054787,"pid":3516,"hostname":"DESKTOP-7TCP1F6","msg":"Skipping slash command channelinfo. Disabled!"}
{"level":20,"time":1687956054804,"pid":3516,"hostname":"DESKTOP-7TCP1F6","msg":"Skipping slash command emoji. Disabled!"}
{"level":20,"time":1687956054882,"pid":3516,"hostname":"DESKTOP-7TCP1F6","msg":"Skipping slash command guildinfo. Disabled!"}
{"level":20,"time":1687956054893,"pid":3516,"hostname":"DESKTOP-7TCP1F6","msg":"Skipping slash command userinfo. Disabled!"}
{"level":20,"time":1687956054906,"pid":3516,"hostname":"DESKTOP-7TCP1F6","msg":"Skipping command bot. Disabled!"}
{"level":20,"time":1687956054908,"pid":3516,"hostname":"DESKTOP-7TCP1F6","msg":"Skipping command info. Disabled!"}
{"level":20,"time":1687956055020,"pid":3516,"hostname":"DESKTOP-7TCP1F6","msg":"Skipping slash command deafen. Disabled!"}
{"level":20,"time":1687956055037,"pid":3516,"hostname":"DESKTOP-7TCP1F6","msg":"Skipping slash command disconnect. Disabled!"}
{"level":20,"time":1687956055039,"pid":3516,"hostname":"DESKTOP-7TCP1F6","msg":"Skipping slash command move. Disabled!"}
{"level":20,"time":1687956055048,"pid":3516,"hostname":"DESKTOP-7TCP1F6","msg":"Skipping slash command purge. Disabled!"}
{"level":20,"time":1687956055057,"pid":3516,"hostname":"DESKTOP-7TCP1F6","msg":"Skipping slash command purgeattach. Disabled!"}
{"level":20,"time":1687956055067,"pid":3516,"hostname":"DESKTOP-7TCP1F6","msg":"Skipping slash command purgebots. Disabled!"}
{"level":20,"time":1687956055076,"pid":3516,"hostname":"DESKTOP-7TCP1F6","msg":"Skipping slash command purgelinks. Disabled!"}
{"level":20,"time":1687956055086,"pid":3516,"hostname":"DESKTOP-7TCP1F6","msg":"Skipping slash command purgetoken. Disabled!"}
{"level":20,"time":1687956055096,"pid":3516,"hostname":"DESKTOP-7TCP1F6","msg":"Skipping slash command purgeuser. Disabled!"}
{"level":20,"time":1687956055113,"pid":3516,"hostname":"DESKTOP-7TCP1F6","msg":"Skipping slash command undeafen. Disabled!"}
{"level":20,"time":1687956055131,"pid":3516,"hostname":"DESKTOP-7TCP1F6","msg":"Skipping slash command vmute. Disabled!"}
{"level":20,"time":1687956055149,"pid":3516,"hostname":"DESKTOP-7TCP1F6","msg":"Skipping slash command vunmute. Disabled!"}
{"level":20,"time":1687956055173,"pid":3516,"hostname":"DESKTOP-7TCP1F6","msg":"Skipping command purge. Disabled!"}
{"level":20,"time":1687956055186,"pid":3516,"hostname":"DESKTOP-7TCP1F6","msg":"Skipping command voice. Disabled!"}
{"level":20,"time":1687956055276,"pid":3516,"hostname":"DESKTOP-7TCP1F6","msg":"Skipping slash command rolebuttons. Disabled!"}
{"level":30,"time":1687956055424,"pid":3516,"hostname":"DESKTOP-7TCP1F6","msg":"Loaded 40 commands"}
{"level":30,"time":1687956055425,"pid":3516,"hostname":"DESKTOP-7TCP1F6","msg":"Loaded 25 slash commands"}
{"level":30,"time":1687956055435,"pid":3516,"hostname":"DESKTOP-7TCP1F6","msg":"Loaded 0 USER contexts"}
{"level":30,"time":1687956055435,"pid":3516,"hostname":"DESKTOP-7TCP1F6","msg":"Loaded 0 MESSAGE contexts"}
{"level":30,"time":1687956055693,"pid":3516,"hostname":"DESKTOP-7TCP1F6","msg":"Loaded 11 events. Success (11) Failed (0)"}
{"level":30,"time":1687956055693,"pid":3516,"hostname":"DESKTOP-7TCP1F6","msg":"Connecting to MongoDb..."}
{"level":30,"time":1687956056833,"pid":3516,"hostname":"DESKTOP-7TCP1F6","msg":"Mongoose: Connected"}
{"level":30,"time":1687956058603,"pid":3516,"hostname":"DESKTOP-7TCP1F6","msg":"Logged in as Uverseni#2940!"}
{"level":30,"time":1687956059043,"pid":3516,"hostname":"DESKTOP-7TCP1F6","msg":"Successfully registered interactions"}
{"level":20,"time":1687959360335,"pid":11136,"hostname":"DESKTOP-7TCP1F6","msg":"Skipping slash command leaderboard. Disabled!"}
{"level":20,"time":1687959360337,"pid":11136,"hostname":"DESKTOP-7TCP1F6","msg":"Skipping slash command avatar. Disabled!"}
{"level":20,"time":1687959360376,"pid":11136,"hostname":"DESKTOP-7TCP1F6","msg":"Skipping slash command channelinfo. Disabled!"}
{"level":20,"time":1687959360377,"pid":11136,"hostname":"DESKTOP-7TCP1F6","msg":"Skipping slash command emoji. Disabled!"}
{"level":20,"time":1687959360386,"pid":11136,"hostname":"DESKTOP-7TCP1F6","msg":"Skipping slash command guildinfo. Disabled!"}
{"level":20,"time":1687959360387,"pid":11136,"hostname":"DESKTOP-7TCP1F6","msg":"Skipping slash command userinfo. Disabled!"}
{"level":20,"time":1687959360388,"pid":11136,"hostname":"DESKTOP-7TCP1F6","msg":"Skipping command bot. Disabled!"}
{"level":20,"time":1687959360389,"pid":11136,"hostname":"DESKTOP-7TCP1F6","msg":"Skipping command info. Disabled!"}
{"level":20,"time":1687959360399,"pid":11136,"hostname":"DESKTOP-7TCP1F6","msg":"Skipping slash command deafen. Disabled!"}
{"level":20,"time":1687959360401,"pid":11136,"hostname":"DESKTOP-7TCP1F6","msg":"Skipping slash command disconnect. Disabled!"}
{"level":20,"time":1687959360402,"pid":11136,"hostname":"DESKTOP-7TCP1F6","msg":"Skipping slash command move. Disabled!"}
{"level":20,"time":1687959360402,"pid":11136,"hostname":"DESKTOP-7TCP1F6","msg":"Skipping slash command purge. Disabled!"}
{"level":20,"time":1687959360403,"pid":11136,"hostname":"DESKTOP-7TCP1F6","msg":"Skipping slash command purgeattach. Disabled!"}
{"level":20,"time":1687959360404,"pid":11136,"hostname":"DESKTOP-7TCP1F6","msg":"Skipping slash command purgebots. Disabled!"}
{"level":20,"time":1687959360404,"pid":11136,"hostname":"DESKTOP-7TCP1F6","msg":"Skipping slash command purgelinks. Disabled!"}
{"level":20,"time":1687959360405,"pid":11136,"hostname":"DESKTOP-7TCP1F6","msg":"Skipping slash command purgetoken. Disabled!"}
{"level":20,"time":1687959360405,"pid":11136,"hostname":"DESKTOP-7TCP1F6","msg":"Skipping slash command purgeuser. Disabled!"}
{"level":20,"time":1687959360406,"pid":11136,"hostname":"DESKTOP-7TCP1F6","msg":"Skipping slash command undeafen. Disabled!"}
{"level":20,"time":1687959360407,"pid":11136,"hostname":"DESKTOP-7TCP1F6","msg":"Skipping slash command vmute. Disabled!"}
{"level":20,"time":1687959360408,"pid":11136,"hostname":"DESKTOP-7TCP1F6","msg":"Skipping slash command vunmute. Disabled!"}
{"level":20,"time":1687959360410,"pid":11136,"hostname":"DESKTOP-7TCP1F6","msg":"Skipping command purge. Disabled!"}
{"level":20,"time":1687959360411,"pid":11136,"hostname":"DESKTOP-7TCP1F6","msg":"Skipping command voice. Disabled!"}
{"level":20,"time":1687959360418,"pid":11136,"hostname":"DESKTOP-7TCP1F6","msg":"Skipping slash command rolebuttons. Disabled!"}
{"level":30,"time":1687959360437,"pid":11136,"hostname":"DESKTOP-7TCP1F6","msg":"Loaded 40 commands"}
{"level":30,"time":1687959360438,"pid":11136,"hostname":"DESKTOP-7TCP1F6","msg":"Loaded 25 slash commands"}
{"level":30,"time":1687959360439,"pid":11136,"hostname":"DESKTOP-7TCP1F6","msg":"Loaded 0 USER contexts"}
{"level":30,"time":1687959360439,"pid":11136,"hostname":"DESKTOP-7TCP1F6","msg":"Loaded 0 MESSAGE contexts"}
{"level":30,"time":1687959360490,"pid":11136,"hostname":"DESKTOP-7TCP1F6","msg":"Loaded 11 events. Success (11) Failed (0)"}
{"level":30,"time":1687959360490,"pid":11136,"hostname":"DESKTOP-7TCP1F6","msg":"Connecting to MongoDb..."}
{"level":30,"time":1687959361867,"pid":11136,"hostname":"DESKTOP-7TCP1F6","msg":"Mongoose: Connected"}
{"level":30,"time":1687959363249,"pid":11136,"hostname":"DESKTOP-7TCP1F6","msg":"Logged in as Uverseni#2940!"}
{"level":30,"time":1687959363659,"pid":11136,"hostname":"DESKTOP-7TCP1F6","msg":"Successfully registered interactions"}
{"level":20,"time":1687959444518,"pid":15040,"hostname":"DESKTOP-7TCP1F6","msg":"Skipping slash command leaderboard. Disabled!"}
{"level":20,"time":1687959444520,"pid":15040,"hostname":"DESKTOP-7TCP1F6","msg":"Skipping slash command avatar. Disabled!"}
{"level":20,"time":1687959444564,"pid":15040,"hostname":"DESKTOP-7TCP1F6","msg":"Skipping slash command channelinfo. Disabled!"}
{"level":20,"time":1687959444565,"pid":15040,"hostname":"DESKTOP-7TCP1F6","msg":"Skipping slash command emoji. Disabled!"}
{"level":20,"time":1687959444573,"pid":15040,"hostname":"DESKTOP-7TCP1F6","msg":"Skipping slash command guildinfo. Disabled!"}
{"level":20,"time":1687959444574,"pid":15040,"hostname":"DESKTOP-7TCP1F6","msg":"Skipping slash command userinfo. Disabled!"}
{"level":20,"time":1687959444576,"pid":15040,"hostname":"DESKTOP-7TCP1F6","msg":"Skipping command bot. Disabled!"}
{"level":20,"time":1687959444577,"pid":15040,"hostname":"DESKTOP-7TCP1F6","msg":"Skipping command info. Disabled!"}
{"level":20,"time":1687959444585,"pid":15040,"hostname":"DESKTOP-7TCP1F6","msg":"Skipping slash command deafen. Disabled!"}
{"level":20,"time":1687959444586,"pid":15040,"hostname":"DESKTOP-7TCP1F6","msg":"Skipping slash command disconnect. Disabled!"}
{"level":20,"time":1687959444587,"pid":15040,"hostname":"DESKTOP-7TCP1F6","msg":"Skipping slash command move. Disabled!"}
{"level":20,"time":1687959444588,"pid":15040,"hostname":"DESKTOP-7TCP1F6","msg":"Skipping slash command purge. Disabled!"}
{"level":20,"time":1687959444588,"pid":15040,"hostname":"DESKTOP-7TCP1F6","msg":"Skipping slash command purgeattach. Disabled!"}
{"level":20,"time":1687959444589,"pid":15040,"hostname":"DESKTOP-7TCP1F6","msg":"Skipping slash command purgebots. Disabled!"}
{"level":20,"time":1687959444589,"pid":15040,"hostname":"DESKTOP-7TCP1F6","msg":"Skipping slash command purgelinks. Disabled!"}
{"level":20,"time":1687959444590,"pid":15040,"hostname":"DESKTOP-7TCP1F6","msg":"Skipping slash command purgetoken. Disabled!"}
{"level":20,"time":1687959444591,"pid":15040,"hostname":"DESKTOP-7TCP1F6","msg":"Skipping slash command purgeuser. Disabled!"}
{"level":20,"time":1687959444592,"pid":15040,"hostname":"DESKTOP-7TCP1F6","msg":"Skipping slash command undeafen. Disabled!"}
{"level":20,"time":1687959444593,"pid":15040,"hostname":"DESKTOP-7TCP1F6","msg":"Skipping slash command vmute. Disabled!"}
{"level":20,"time":1687959444594,"pid":15040,"hostname":"DESKTOP-7TCP1F6","msg":"Skipping slash command vunmute. Disabled!"}
{"level":20,"time":1687959444596,"pid":15040,"hostname":"DESKTOP-7TCP1F6","msg":"Skipping command purge. Disabled!"}
{"level":20,"time":1687959444597,"pid":15040,"hostname":"DESKTOP-7TCP1F6","msg":"Skipping command voice. Disabled!"}
{"level":20,"time":1687959444603,"pid":15040,"hostname":"DESKTOP-7TCP1F6","msg":"Skipping slash command rolebuttons. Disabled!"}
{"level":30,"time":1687959444613,"pid":15040,"hostname":"DESKTOP-7TCP1F6","msg":"Loaded 40 commands"}
{"level":30,"time":1687959444613,"pid":15040,"hostname":"DESKTOP-7TCP1F6","msg":"Loaded 25 slash commands"}
{"level":30,"time":1687959444614,"pid":15040,"hostname":"DESKTOP-7TCP1F6","msg":"Loaded 0 USER contexts"}
{"level":30,"time":1687959444614,"pid":15040,"hostname":"DESKTOP-7TCP1F6","msg":"Loaded 0 MESSAGE contexts"}
{"level":30,"time":1687959444668,"pid":15040,"hostname":"DESKTOP-7TCP1F6","msg":"Loaded 11 events. Success (11) Failed (0)"}
{"level":30,"time":1687959444668,"pid":15040,"hostname":"DESKTOP-7TCP1F6","msg":"Connecting to MongoDb..."}
{"level":30,"time":1687959445406,"pid":15040,"hostname":"DESKTOP-7TCP1F6","msg":"Mongoose: Connected"}
{"level":30,"time":1687959447371,"pid":15040,"hostname":"DESKTOP-7TCP1F6","msg":"Logged in as Uverseni#2940!"}
{"level":30,"time":1687959447779,"pid":15040,"hostname":"DESKTOP-7TCP1F6","msg":"Successfully registered interactions"}
{"level":20,"time":1687960470625,"pid":10928,"hostname":"DESKTOP-7TCP1F6","msg":"Skipping slash command leaderboard. Disabled!"}
{"level":20,"time":1687960470636,"pid":10928,"hostname":"DESKTOP-7TCP1F6","msg":"Skipping slash command avatar. Disabled!"}
{"level":20,"time":1687960470706,"pid":10928,"hostname":"DESKTOP-7TCP1F6","msg":"Skipping slash command channelinfo. Disabled!"}
{"level":20,"time":1687960470707,"pid":10928,"hostname":"DESKTOP-7TCP1F6","msg":"Skipping slash command emoji. Disabled!"}
{"level":20,"time":1687960470717,"pid":10928,"hostname":"DESKTOP-7TCP1F6","msg":"Skipping slash command guildinfo. Disabled!"}
{"level":20,"time":1687960470719,"pid":10928,"hostname":"DESKTOP-7TCP1F6","msg":"Skipping slash command userinfo. Disabled!"}
{"level":20,"time":1687960470720,"pid":10928,"hostname":"DESKTOP-7TCP1F6","msg":"Skipping command bot. Disabled!"}
{"level":20,"time":1687960470721,"pid":10928,"hostname":"DESKTOP-7TCP1F6","msg":"Skipping command info. Disabled!"}
{"level":20,"time":1687960470743,"pid":10928,"hostname":"DESKTOP-7TCP1F6","msg":"Skipping slash command deafen. Disabled!"}
{"level":20,"time":1687960470745,"pid":10928,"hostname":"DESKTOP-7TCP1F6","msg":"Skipping slash command disconnect. Disabled!"}
{"level":20,"time":1687960470747,"pid":10928,"hostname":"DESKTOP-7TCP1F6","msg":"Skipping slash command move. Disabled!"}
{"level":20,"time":1687960470747,"pid":10928,"hostname":"DESKTOP-7TCP1F6","msg":"Skipping slash command purge. Disabled!"}
{"level":20,"time":1687960470748,"pid":10928,"hostname":"DESKTOP-7TCP1F6","msg":"Skipping slash command purgeattach. Disabled!"}
{"level":20,"time":1687960470749,"pid":10928,"hostname":"DESKTOP-7TCP1F6","msg":"Skipping slash command purgebots. Disabled!"}
{"level":20,"time":1687960470749,"pid":10928,"hostname":"DESKTOP-7TCP1F6","msg":"Skipping slash command purgelinks. Disabled!"}
{"level":20,"time":1687960470750,"pid":10928,"hostname":"DESKTOP-7TCP1F6","msg":"Skipping slash command purgetoken. Disabled!"}
{"level":20,"time":1687960470750,"pid":10928,"hostname":"DESKTOP-7TCP1F6","msg":"Skipping slash command purgeuser. Disabled!"}
{"level":20,"time":1687960470752,"pid":10928,"hostname":"DESKTOP-7TCP1F6","msg":"Skipping slash command undeafen. Disabled!"}
{"level":20,"time":1687960470753,"pid":10928,"hostname":"DESKTOP-7TCP1F6","msg":"Skipping slash command vmute. Disabled!"}
{"level":20,"time":1687960470754,"pid":10928,"hostname":"DESKTOP-7TCP1F6","msg":"Skipping slash command vunmute. Disabled!"}
{"level":20,"time":1687960470756,"pid":10928,"hostname":"DESKTOP-7TCP1F6","msg":"Skipping command purge. Disabled!"}
{"level":20,"time":1687960470757,"pid":10928,"hostname":"DESKTOP-7TCP1F6","msg":"Skipping command voice. Disabled!"}
{"level":20,"time":1687960470794,"pid":10928,"hostname":"DESKTOP-7TCP1F6","msg":"Skipping slash command rolebuttons. Disabled!"}
{"level":30,"time":1687960470794,"pid":10928,"hostname":"DESKTOP-7TCP1F6","msg":"Loaded 40 commands"}
{"level":30,"time":1687960470794,"pid":10928,"hostname":"DESKTOP-7TCP1F6","msg":"Loaded 25 slash commands"}
{"level":30,"time":1687960470796,"pid":10928,"hostname":"DESKTOP-7TCP1F6","msg":"Loaded 0 USER contexts"}
{"level":30,"time":1687960470796,"pid":10928,"hostname":"DESKTOP-7TCP1F6","msg":"Loaded 0 MESSAGE contexts"}
{"level":30,"time":1687960470866,"pid":10928,"hostname":"DESKTOP-7TCP1F6","msg":"Loaded 11 events. Success (11) Failed (0)"}
{"level":30,"time":1687960470866,"pid":10928,"hostname":"DESKTOP-7TCP1F6","msg":"Connecting to MongoDb..."}
{"level":30,"time":1687960471751,"pid":10928,"hostname":"DESKTOP-7TCP1F6","msg":"Mongoose: Connected"}
{"level":30,"time":1687960473118,"pid":10928,"hostname":"DESKTOP-7TCP1F6","msg":"Logged in as Uverseni#2940!"}
{"level":30,"time":1687960473534,"pid":10928,"hostname":"DESKTOP-7TCP1F6","msg":"Successfully registered interactions"}
{"level":20,"time":1687960500075,"pid":7216,"hostname":"DESKTOP-7TCP1F6","msg":"Skipping slash command leaderboard. Disabled!"}
{"level":20,"time":1687960500078,"pid":7216,"hostname":"DESKTOP-7TCP1F6","msg":"Skipping slash command avatar. Disabled!"}
{"level":20,"time":1687960500139,"pid":7216,"hostname":"DESKTOP-7TCP1F6","msg":"Skipping slash command channelinfo. Disabled!"}
{"level":20,"time":1687960500140,"pid":7216,"hostname":"DESKTOP-7TCP1F6","msg":"Skipping slash command emoji. Disabled!"}
{"level":20,"time":1687960500151,"pid":7216,"hostname":"DESKTOP-7TCP1F6","msg":"Skipping slash command guildinfo. Disabled!"}
{"level":20,"time":1687960500153,"pid":7216,"hostname":"DESKTOP-7TCP1F6","msg":"Skipping slash command userinfo. Disabled!"}
{"level":20,"time":1687960500155,"pid":7216,"hostname":"DESKTOP-7TCP1F6","msg":"Skipping command bot. Disabled!"}
{"level":20,"time":1687960500156,"pid":7216,"hostname":"DESKTOP-7TCP1F6","msg":"Skipping command info. Disabled!"}
{"level":20,"time":1687960500167,"pid":7216,"hostname":"DESKTOP-7TCP1F6","msg":"Skipping slash command deafen. Disabled!"}
{"level":20,"time":1687960500169,"pid":7216,"hostname":"DESKTOP-7TCP1F6","msg":"Skipping slash command disconnect. Disabled!"}
{"level":20,"time":1687960500170,"pid":7216,"hostname":"DESKTOP-7TCP1F6","msg":"Skipping slash command move. Disabled!"}
{"level":20,"time":1687960500170,"pid":7216,"hostname":"DESKTOP-7TCP1F6","msg":"Skipping slash command purge. Disabled!"}
{"level":20,"time":1687960500171,"pid":7216,"hostname":"DESKTOP-7TCP1F6","msg":"Skipping slash command purgeattach. Disabled!"}
{"level":20,"time":1687960500171,"pid":7216,"hostname":"DESKTOP-7TCP1F6","msg":"Skipping slash command purgebots. Disabled!"}
{"level":20,"time":1687960500172,"pid":7216,"hostname":"DESKTOP-7TCP1F6","msg":"Skipping slash command purgelinks. Disabled!"}
{"level":20,"time":1687960500172,"pid":7216,"hostname":"DESKTOP-7TCP1F6","msg":"Skipping slash command purgetoken. Disabled!"}
{"level":20,"time":1687960500173,"pid":7216,"hostname":"DESKTOP-7TCP1F6","msg":"Skipping slash command purgeuser. Disabled!"}
{"level":20,"time":1687960500176,"pid":7216,"hostname":"DESKTOP-7TCP1F6","msg":"Skipping slash command undeafen. Disabled!"}
{"level":20,"time":1687960500177,"pid":7216,"hostname":"DESKTOP-7TCP1F6","msg":"Skipping slash command vmute. Disabled!"}
{"level":20,"time":1687960500178,"pid":7216,"hostname":"DESKTOP-7TCP1F6","msg":"Skipping slash command vunmute. Disabled!"}
{"level":20,"time":1687960500180,"pid":7216,"hostname":"DESKTOP-7TCP1F6","msg":"Skipping command purge. Disabled!"}
{"level":20,"time":1687960500181,"pid":7216,"hostname":"DESKTOP-7TCP1F6","msg":"Skipping command voice. Disabled!"}
{"level":20,"time":1687960500189,"pid":7216,"hostname":"DESKTOP-7TCP1F6","msg":"Skipping slash command rolebuttons. Disabled!"}
{"level":30,"time":1687960500189,"pid":7216,"hostname":"DESKTOP-7TCP1F6","msg":"Loaded 40 commands"}
{"level":30,"time":1687960500189,"pid":7216,"hostname":"DESKTOP-7TCP1F6","msg":"Loaded 25 slash commands"}
{"level":30,"time":1687960500191,"pid":7216,"hostname":"DESKTOP-7TCP1F6","msg":"Loaded 0 USER contexts"}
{"level":30,"time":1687960500191,"pid":7216,"hostname":"DESKTOP-7TCP1F6","msg":"Loaded 0 MESSAGE contexts"}
{"level":30,"time":1687960500262,"pid":7216,"hostname":"DESKTOP-7TCP1F6","msg":"Loaded 11 events. Success (11) Failed (0)"}
{"level":30,"time":1687960500262,"pid":7216,"hostname":"DESKTOP-7TCP1F6","msg":"Connecting to MongoDb..."}
{"level":30,"time":1687960501118,"pid":7216,"hostname":"DESKTOP-7TCP1F6","msg":"Mongoose: Connected"}
{"level":30,"time":1687960502403,"pid":7216,"hostname":"DESKTOP-7TCP1F6","msg":"Logged in as Uverseni#2940!"}
{"level":30,"time":1687960502865,"pid":7216,"hostname":"DESKTOP-7TCP1F6","msg":"Successfully registered interactions"}
